<?xml version="1.0" encoding="utf-8"?><testsuites name="pytest tests"><testsuite name="pytest" errors="0" failures="0" skipped="0" tests="8" time="62.876" timestamp="2026-09-04T23:47:45.605666+05:30" hostname="DESKTOP-JQUDLKB"><testcase classname="tests.ai.test_ai_services" name="test_search_service" time="8.109" /><testcase classname="tests.ai.test_ai_services" name="test_matching_service" time="8.135" /><testcase classname="tests.ai.test_ai_services" name="test_pricing_service" time="8.176" /><testcase classname="tests.ai.test_ai_services" name="test_chat_service" time="8.157" /><testcase classname="tests.ai.test_ai_services" name="test_review_service" time="8.144" /><testcase classname="tests.ai.test_ai_services" name="test_caption_service" time="8.163" /><testcase classname="tests.ai.test_ai_services" name="test_insights_service" time="8.158" /><testcase classname="tests.test_all_endpoints" name="test_all_endpoints" time="1.965" /></testsuite></testsuites>